<?xml version="1.0" encoding="UTF-8"?>
<!-- Generated by org.testng.reporters.JUnitReportReporter -->
<testsuite hostname="DESKTOP-8GAKHLN" failures="0" tests="4" name="tests.LoginTest" time="24.390" errors="0" timestamp="2021-07-03T22:06:44 EDT" skipped="0">
  <testcase classname="tests.LoginTest" name="loginWithEmptyPasswordTest" time="5.825"/>
  <system-out/>
  <testcase classname="tests.LoginTest" name="loginWithEmptyEmailTest" time="6.678"/>
  <system-out/>
  <testcase classname="tests.LoginTest" name="loginWithwrongEmailPasswordTest" time="5.807"/>
  <system-out/>
  <testcase classname="tests.LoginTest" name="loginWithInvalidEmailTest" time="6.080"/>
  <system-out/>
</testsuite> <!-- tests.LoginTest -->
